12 [4130949312] INFO perfrun.launcher <> - Launcher main begin
13 [4130949312] INFO perfrun.launcher <> - MessageCatalogInit finished
13 [4130949312] INFO perfrun.launcher <> - Launcher instance created
13 [4130949312] INFO perfrun.launcher <> - argc = 6; cmdline = /home/tiagoantunes/intel/oneapi/vtune/2021.1.2/bin32/amplxe-runss -dump-vdso -r /home/tiagoantunes/Documents/BigData/hw3_src/results_profile.bairroazul --tmp-dir /tmp/amplxe-tmp-tiagoantunes 
22 [4130949312] INFO perfrun.launcher <> - plugin remoteplug has been added successfully
22 [4130949312] INFO perfrun.launcher <> - plugin  has been added successfully
22 [4130949312] INFO perfrun.launcher <> - plugin vdso has been added successfully
22 [4130949312] INFO perfrun.launcher <> - plugin  has been added successfully
22 [4130949312] INFO perfrun.launcher <> - plugin  has been added successfully
22 [4130949312] INFO perfrun.launcher <> - plugin  has been added successfully
22 [4130949312] INFO perfrun.launcher <> - plugin  has been added successfully
22 [4130949312] INFO perfrun.launcher <> - plugin  has been added successfully
22 [4130949312] INFO perfrun.launcher <> - plugin  has been added successfully
22 [4130949312] INFO perfrun.launcher <> - plugin  has been added successfully
22 [4130949312] INFO perfrun.launcher <> - plugin  has been added successfully
22 [4130949312] INFO perfrun.launcher <> - plugin  has been added successfully
22 [4130949312] INFO perfrun.launcher <> - plugin  has been added successfully
23 [4130949312] INFO perfrun.launcher <> - plugin  has been added successfully
23 [4130949312] INFO perfrun.launcher <> - plugin  has been added successfully
23 [4130949312] INFO perfrun.launcher <> - plugin  has been added successfully
23 [4130949312] INFO perfrun.launcher <> - plugin  has been added successfully
23 [4130949312] INFO perfrun.launcher <> - plugin  has been added successfully
23 [4130949312] INFO perfrun.launcher <> - plugin  has been added successfully
23 [4130949312] INFO perfrun.launcher <> - plugin  has been added successfully
23 [4130949312] INFO perfrun.launcher <> - plugin  has been added successfully
23 [4130949312] INFO perfrun.launcher <> - plugin  has been added successfully
23 [4130949312] INFO perfrun.launcher <> - plugin  has been added successfully
23 [4130949312] INFO perfrun.launcher <> - plugin  has been added successfully
23 [4130949312] INFO perfrun.launcher <> - plugin  has been added successfully
23 [4130949312] INFO perfrun.launcher <> - plugin  has been added successfully
23 [4130949312] INFO perfrun.launcher <> - plugin  has been added successfully
23 [4130949312] INFO perfrun.launcher <> - plugin  has been added successfully
26 [4130949312] INFO perfrun.launcher <> - the option was added --interval: Specify an interval of data collection (for example, sampling) in milliseconds.
26 [4130949312] INFO perfrun.launcher <> - the option was added --follow-child: Profile process with or without children.
27 [4130949312] INFO perfrun.launcher <> - the option was added --gelding: BADMSG: perfrun1.launcher.plugin_manager::gelding
27 [4130949312] INFO perfrun.launcher <> - the option was added --time-source: Specify time source for measurement. Possible values: sys - wall clock time; tsc - time stamp counter; ext - time from an external source; auto - auto select accurate time source.
28 [4130949312] INFO perfrun.launcher <> - the option was added --stack: Enable or disable collection of stacks.
28 [4130949312] INFO perfrun.launcher <> - the option was added --stack-stitching: Enable or disable the stack stitching algorithm for Intel TBB-based applications.
29 [4130949312] INFO perfrun.launcher <> - the option was added --type: Specify type of data to be collected. For example, --type cpu:counters,waiting:nostack,io.
29 [4130949312] INFO perfrun.launcher <> - the option was added --mrte-mode: Specify Java/.NET/other managed runtime collection mode. Possible values: native - collect information only for native code; managed - collect information only for managed code; mixed - collect information for both managed and native code; auto - choose the mode based on binary type.
30 [4130949312] INFO perfrun.launcher <> - the option was added --mrte-mode-list: List supported Java/.NET/other managed runtime collection modes.
30 [4130949312] INFO perfrun.launcher <> - the option was added --mrte-type: Specify which managed runtimes to collect. Possible values: java - collect information for Java; dotnet - collect information for .NET; python - collect information for CPython. You can specify several values separated by comma.
31 [4130949312] INFO perfrun.launcher <> - the option was added --mrte-type-list: List supported Java/.NET/other managed runtime types.
31 [4130949312] INFO perfrun.launcher <> - the option was added --trace-strategy: Specify how to profile a process tree. <string> can be "<process>:trace:notrace" - profile the process but do not profile its children. Shorthand parameters: t - trace, nt - notrace. For example, "vtunedemo.exe:t:t".
31 [4130949312] INFO perfrun.launcher <> - the option was added --collector: BADMSG: perfrun1.launcher.plugin_manager::collector
32 [4130949312] INFO perfrun.launcher <> - the option was added --system-wide: Enable system-wide profiling. This mode may require additional permissions.
32 [4130949312] INFO perfrun.launcher <> - the option was added --kvm-guest: Enable KVM guest OS profiling.
32 [4130949312] INFO perfrun.launcher <> - the option was added --kvm-guest-kallsyms: Specify a local path to the /proc/kallsyms file copied from the guest OS for proper symbol resolution.
33 [4130949312] INFO perfrun.launcher <> - the option was added --kvm-guest-modules: Specify a local path to the /proc/modules file copied from the guest OS for proper symbol resolution.
33 [4130949312] INFO perfrun.launcher <> - the option was added --dump-vdso: Dump [vdso] to result directory
33 [4130949312] INFO perfrun.launcher <> - the option was added --system-collector-config: Specify subcollectors. Possible values: all, vdso.
33 [4130949312] INFO perfrun.launcher <> - create msngr2::ICliToolContext
33 [4130949312] INFO perfrun.launcher <> - create file finder object
34 [4130126656] INFO perfrun.launcher <> - plugin [remoteplug] was disabled because it doesn't support the given collection type.
34 [4130126656] INFO perfrun.launcher <> - plugin [] was disabled because it doesn't support the given collection type.
34 [4130126656] INFO perfrun.vdso <> - dumping [vdso] pseudomodule
34 [4130126656] INFO perfrun.launcher <> - plugin [] was disabled because it doesn't support the given collection type.
34 [4130126656] INFO perfrun.launcher <> - plugin [] was disabled because it doesn't support the given collection type.
34 [4130126656] INFO perfrun.launcher <> - plugin [] was disabled because it doesn't support the given collection type.
34 [4130126656] INFO perfrun.launcher <> - plugin [] was disabled because it doesn't support the given collection type.
34 [4130126656] INFO perfrun.launcher <> - plugin [] was disabled because it doesn't support the given collection type.
34 [4130126656] INFO perfrun.launcher <> - plugin [] was disabled because it doesn't support the given collection type.
34 [4130126656] INFO perfrun.launcher <> - plugin [] was disabled because it doesn't support the given collection type.
34 [4130126656] INFO perfrun.launcher <> - plugin [] was disabled because it doesn't support the given collection type.
34 [4130126656] INFO perfrun.launcher <> - plugin [] was disabled because it doesn't support the given collection type.
34 [4130126656] INFO perfrun.launcher <> - plugin [] was disabled because it doesn't support the given collection type.
34 [4130126656] INFO perfrun.launcher <> - plugin [] was disabled because it doesn't support the given collection type.
34 [4130126656] INFO perfrun.launcher <> - plugin [] was disabled because it doesn't support the given collection type.
35 [4130126656] INFO perfrun.launcher <> - plugin [] was disabled because it doesn't support the given collection type.
35 [4130126656] INFO perfrun.launcher <> - plugin [] was disabled because it doesn't support the given collection type.
35 [4130126656] INFO perfrun.launcher <> - plugin [] was disabled because it doesn't support the given collection type.
35 [4130126656] INFO perfrun.launcher <> - plugin [] was disabled because it doesn't support the given collection type.
35 [4130126656] INFO perfrun.launcher <> - plugin [] was disabled because it doesn't support the given collection type.
35 [4130126656] INFO perfrun.launcher <> - plugin [] was disabled because it doesn't support the given collection type.
35 [4130126656] INFO perfrun.launcher <> - plugin [] was disabled because it doesn't support the given collection type.
35 [4130126656] INFO perfrun.launcher <> - plugin [] was disabled because it doesn't support the given collection type.
35 [4130126656] INFO perfrun.launcher <> - plugin [] was disabled because it doesn't support the given collection type.
35 [4130126656] INFO perfrun.launcher <> - plugin [] was disabled because it doesn't support the given collection type.
35 [4130126656] INFO perfrun.launcher <> - plugin [] was disabled because it doesn't support the given collection type.
35 [4130126656] INFO perfrun.launcher <> - plugin [] was disabled because it doesn't support the given collection type.
35 [4130126656] INFO perfrun.launcher <> - plugin [] was disabled because it doesn't support the given collection type.
36 [4130949312] INFO perfrun.launcher <> - Application exit code: 0
36 [4130949312] INFO perfrun.launcher <> - Exit code: 0
